0 info it worked if it ends with ok
1 verbose cli [ '/Users/silviovitullo/.nvm/versions/node/v5.4.1/bin/node',
1 verbose cli   '/Users/silviovitullo/.nvm/versions/node/v5.4.1/bin/npm',
1 verbose cli   'run',
1 verbose cli   'start-dev' ]
2 info using npm@3.3.12
3 info using node@v5.4.1
4 verbose stack Error: ENOENT: no such file or directory, open '/Users/silviovitullo/garbarino/garba-ui/package.json'
4 verbose stack     at Error (native)
5 verbose cwd /Users/silviovitullo/garbarino/garba-ui
6 error Darwin 15.3.0
7 error argv "/Users/silviovitullo/.nvm/versions/node/v5.4.1/bin/node" "/Users/silviovitullo/.nvm/versions/node/v5.4.1/bin/npm" "run" "start-dev"
8 error node v5.4.1
9 error npm  v3.3.12
10 error path /Users/silviovitullo/garbarino/garba-ui/package.json
11 error code ENOENT
12 error errno -2
13 error syscall open
14 error enoent ENOENT: no such file or directory, open '/Users/silviovitullo/garbarino/garba-ui/package.json'
14 error enoent This is most likely not a problem with npm itself
14 error enoent and is related to npm not being able to find a file.
15 verbose exit [ -2, true ]
